Analysis & Synthesis report for DE2_115_i2sound
Wed Nov 30 00:37:17 2016
Quartus II Version 10.0 Build 218 06/27/2010 SJ Web Edition


---------------------
; Table of Contents ;
---------------------
  1. Legal Notice
  2. Analysis & Synthesis Summary
  3. Analysis & Synthesis Settings
  4. Parallel Compilation
  5. Analysis & Synthesis Source Files Read
  6. Analysis & Synthesis Resource Usage Summary
  7. Analysis & Synthesis Resource Utilization by Entity
  8. Registers Removed During Synthesis
  9. Removed Registers Triggering Further Register Optimizations
 10. General Register Statistics
 11. Inverted Register Statistics
 12. Multiplexer Restructuring Statistics (Restructuring Performed)
 13. Parameter Settings for User Entity Instance: Top-level Entity: |top_module
 14. Parameter Settings for User Entity Instance: ShiftRegister:adc_data_bit
 15. Port Connectivity Checks: "audio_codec_config:user|i2c:adc_configure"
 16. Port Connectivity Checks: "ShiftRegister:adc_data_bit"
 17. Analysis & Synthesis Messages



----------------
; Legal Notice ;
----------------
Copyright (C) 1991-2010 Altera Corporation
Your use of Altera Corporation's design tools, logic functions 
and other software and tools, and its AMPP partner logic 
functions, and any output files from any of the foregoing 
(including device programming or simulation files), and any 
associated documentation or information are expressly subject 
to the terms and conditions of the Altera Program License 
Subscription Agreement, Altera MegaCore Function License 
Agreement, or other applicable license agreement, including, 
without limitation, that your use is for the sole purpose of 
programming logic devices manufactured by Altera and sold by 
Altera or its authorized distributors.  Please refer to the 
applicable agreement for further details.



+-------------------------------------------------------------------------------+
; Analysis & Synthesis Summary                                                  ;
+------------------------------------+------------------------------------------+
; Analysis & Synthesis Status        ; Successful - Wed Nov 30 00:37:17 2016    ;
; Quartus II Version                 ; 10.0 Build 218 06/27/2010 SJ Web Edition ;
; Revision Name                      ; DE2_115_i2sound                          ;
; Top-level Entity Name              ; top_module                               ;
; Family                             ; Cyclone IV E                             ;
; Total logic elements               ; 124                                      ;
;     Total combinational functions  ; 93                                       ;
;     Dedicated logic registers      ; 77                                       ;
; Total registers                    ; 77                                       ;
; Total pins                         ; 58                                       ;
; Total virtual pins                 ; 0                                        ;
; Total memory bits                  ; 0                                        ;
; Embedded Multiplier 9-bit elements ; 0                                        ;
; Total PLLs                         ; 0                                        ;
+------------------------------------+------------------------------------------+


+----------------------------------------------------------------------------------------------------------------------+
; Analysis & Synthesis Settings                                                                                        ;
+----------------------------------------------------------------------------+--------------------+--------------------+
; Option                                                                     ; Setting            ; Default Value      ;
+----------------------------------------------------------------------------+--------------------+--------------------+
; Device                                                                     ; EP4CE115F29C7      ;                    ;
; Top-level entity name                                                      ; top_module         ; DE2_115_i2sound    ;
; Family name                                                                ; Cyclone IV E       ; Stratix II         ;
; Use smart compilation                                                      ; Off                ; Off                ;
; Enable parallel Assembler and TimeQuest Timing Analyzer during compilation ; On                 ; On                 ;
; Enable compact report table                                                ; Off                ; Off                ;
; Restructure Multiplexers                                                   ; Auto               ; Auto               ;
; Create Debugging Nodes for IP Cores                                        ; Off                ; Off                ;
; Preserve fewer node names                                                  ; On                 ; On                 ;
; Disable OpenCore Plus hardware evaluation                                  ; Off                ; Off                ;
; Verilog Version                                                            ; Verilog_2001       ; Verilog_2001       ;
; VHDL Version                                                               ; VHDL_1993          ; VHDL_1993          ;
; State Machine Processing                                                   ; Auto               ; Auto               ;
; Safe State Machine                                                         ; Off                ; Off                ;
; Extract Verilog State Machines                                             ; On                 ; On                 ;
; Extract VHDL State Machines                                                ; On                 ; On                 ;
; Ignore Verilog initial constructs                                          ; Off                ; Off                ;
; Iteration limit for constant Verilog loops                                 ; 5000               ; 5000               ;
; Iteration limit for non-constant Verilog loops                             ; 250                ; 250                ;
; Add Pass-Through Logic to Inferred RAMs                                    ; On                 ; On                 ;
; Parallel Synthesis                                                         ; On                 ; On                 ;
; DSP Block Balancing                                                        ; Auto               ; Auto               ;
; NOT Gate Push-Back                                                         ; On                 ; On                 ;
; Power-Up Don't Care                                                        ; On                 ; On                 ;
; Remove Redundant Logic Cells                                               ; Off                ; Off                ;
; Remove Duplicate Registers                                                 ; On                 ; On                 ;
; Ignore CARRY Buffers                                                       ; Off                ; Off                ;
; Ignore CASCADE Buffers                                                     ; Off                ; Off                ;
; Ignore GLOBAL Buffers                                                      ; Off                ; Off                ;
; Ignore ROW GLOBAL Buffers                                                  ; Off                ; Off                ;
; Ignore LCELL Buffers                                                       ; Off                ; Off                ;
; Ignore SOFT Buffers                                                        ; On                 ; On                 ;
; Limit AHDL Integers to 32 Bits                                             ; Off                ; Off                ;
; Optimization Technique                                                     ; Balanced           ; Balanced           ;
; Carry Chain Length                                                         ; 70                 ; 70                 ;
; Auto Carry Chains                                                          ; On                 ; On                 ;
; Auto Open-Drain Pins                                                       ; On                 ; On                 ;
; Perform WYSIWYG Primitive Resynthesis                                      ; Off                ; Off                ;
; Auto ROM Replacement                                                       ; On                 ; On                 ;
; Auto RAM Replacement                                                       ; On                 ; On                 ;
; Auto DSP Block Replacement                                                 ; On                 ; On                 ;
; Auto Shift Register Replacement                                            ; Auto               ; Auto               ;
; Auto Clock Enable Replacement                                              ; On                 ; On                 ;
; Strict RAM Replacement                                                     ; Off                ; Off                ;
; Allow Synchronous Control Signals                                          ; On                 ; On                 ;
; Force Use of Synchronous Clear Signals                                     ; Off                ; Off                ;
; Auto RAM Block Balancing                                                   ; On                 ; On                 ;
; Auto RAM to Logic Cell Conversion                                          ; Off                ; Off                ;
; Auto Resource Sharing                                                      ; Off                ; Off                ;
; Allow Any RAM Size For Recognition                                         ; Off                ; Off                ;
; Allow Any ROM Size For Recognition                                         ; Off                ; Off                ;
; Allow Any Shift Register Size For Recognition                              ; Off                ; Off                ;
; Use LogicLock Constraints during Resource Balancing                        ; On                 ; On                 ;
; Ignore translate_off and synthesis_off directives                          ; Off                ; Off                ;
; Timing-Driven Synthesis                                                    ; On                 ; On                 ;
; Report Parameter Settings                                                  ; On                 ; On                 ;
; Report Source Assignments                                                  ; On                 ; On                 ;
; Report Connectivity Checks                                                 ; On                 ; On                 ;
; Ignore Maximum Fan-Out Assignments                                         ; Off                ; Off                ;
; Synchronization Register Chain Length                                      ; 2                  ; 2                  ;
; PowerPlay Power Optimization                                               ; Normal compilation ; Normal compilation ;
; HDL message level                                                          ; Level2             ; Level2             ;
; Suppress Register Optimization Related Messages                            ; Off                ; Off                ;
; Number of Removed Registers Reported in Synthesis Report                   ; 5000               ; 5000               ;
; Number of Inverted Registers Reported in Synthesis Report                  ; 100                ; 100                ;
; Clock MUX Protection                                                       ; On                 ; On                 ;
; Auto Gated Clock Conversion                                                ; Off                ; Off                ;
; Block Design Naming                                                        ; Auto               ; Auto               ;
; SDC constraint protection                                                  ; Off                ; Off                ;
; Synthesis Effort                                                           ; Auto               ; Auto               ;
; Shift Register Replacement - Allow Asynchronous Clear Signal               ; On                 ; On                 ;
; Analysis & Synthesis Message Level                                         ; Medium             ; Medium             ;
; Disable Register Merging Across Hierarchies                                ; Auto               ; Auto               ;
; Resource Aware Inference For Block RAM                                     ; On                 ; On                 ;
; Synthesis Seed                                                             ; 1                  ; 1                  ;
+----------------------------------------------------------------------------+--------------------+--------------------+


Parallel compilation was disabled, but you have multiple processors available. Enable parallel compilation to reduce compilation time.
+-------------------------------------+
; Parallel Compilation                ;
+----------------------------+--------+
; Processors                 ; Number ;
+----------------------------+--------+
; Number detected on machine ; 2      ;
; Maximum allowed            ; 1      ;
+----------------------------+--------+


+-----------------------------------------------------------------------------------------------------------------------------------------------+
; Analysis & Synthesis Source Files Read                                                                                                        ;
+----------------------------------+-----------------+------------------------+-----------------------------------------------------------------+
; File Name with User-Entered Path ; Used in Netlist ; File Type              ; File Name with Absolute Path                                    ;
+----------------------------------+-----------------+------------------------+-----------------------------------------------------------------+
; reg_config.v                     ; yes             ; User Verilog HDL File  ; C:/FYP2/Practical/Projects/DE2_115_i2sound/reg_config.v         ;
; audio_codec_config.v             ; yes             ; User Verilog HDL File  ; C:/FYP2/Practical/Projects/DE2_115_i2sound/audio_codec_config.v ;
; ShiftRegister.v                  ; yes             ; User Verilog HDL File  ; C:/FYP2/Practical/Projects/DE2_115_i2sound/ShiftRegister.v      ;
; top_module.v                     ; yes             ; User Verilog HDL File  ; C:/FYP2/Practical/Projects/DE2_115_i2sound/top_module.v         ;
; i2c.v                            ; yes             ; User Verilog HDL File  ; C:/FYP2/Practical/Projects/DE2_115_i2sound/i2c.v                ;
+----------------------------------+-----------------+------------------------+-----------------------------------------------------------------+


+------------------------------------------------------------+
; Analysis & Synthesis Resource Usage Summary                ;
+---------------------------------------------+--------------+
; Resource                                    ; Usage        ;
+---------------------------------------------+--------------+
; Estimated Total logic elements              ; 124          ;
;                                             ;              ;
; Total combinational functions               ; 93           ;
; Logic element usage by number of LUT inputs ;              ;
;     -- 4 input functions                    ; 43           ;
;     -- 3 input functions                    ; 12           ;
;     -- <=2 input functions                  ; 38           ;
;                                             ;              ;
; Logic elements by mode                      ;              ;
;     -- normal mode                          ; 65           ;
;     -- arithmetic mode                      ; 28           ;
;                                             ;              ;
; Total registers                             ; 77           ;
;     -- Dedicated logic registers            ; 77           ;
;     -- I/O registers                        ; 0            ;
;                                             ;              ;
; I/O pins                                    ; 58           ;
; Maximum fan-out node                        ; KEY[0]~input ;
; Maximum fan-out                             ; 49           ;
; Total fan-out                               ; 602          ;
; Average fan-out                             ; 2.10         ;
+---------------------------------------------+--------------+


+---------------------------------------------------------------------------------------------------------------------------------------------------------------------------------------------------------------------------------+
; Analysis & Synthesis Resource Utilization by Entity                                                                                                                                                                             ;
+---------------------------------+-------------------+--------------+-------------+------------+--------------+---------+-----------+------+--------------+-------------------------------------------------------+--------------+
; Compilation Hierarchy Node      ; LC Combinationals ; LC Registers ; Memory Bits ; DSP Blocks ; DSP Elements ; DSP 9x9 ; DSP 18x18 ; Pins ; Virtual Pins ; Full Hierarchy Name                                   ; Library Name ;
+---------------------------------+-------------------+--------------+-------------+------------+--------------+---------+-----------+------+--------------+-------------------------------------------------------+--------------+
; |top_module                     ; 93 (9)            ; 77 (9)       ; 0           ; 0          ; 0            ; 0       ; 0         ; 58   ; 0            ; |top_module                                           ;              ;
;    |ShiftRegister:adc_data_bit| ; 5 (5)             ; 20 (20)      ; 0           ; 0          ; 0            ; 0       ; 0         ; 0    ; 0            ; |top_module|ShiftRegister:adc_data_bit                ;              ;
;    |audio_codec_config:user|    ; 79 (9)            ; 48 (1)       ; 0           ; 0          ; 0            ; 0       ; 0         ; 0    ; 0            ; |top_module|audio_codec_config:user                   ;              ;
;       |i2c:adc_configure|       ; 34 (34)           ; 21 (21)      ; 0           ; 0          ; 0            ; 0       ; 0         ; 0    ; 0            ; |top_module|audio_codec_config:user|i2c:adc_configure ;              ;
;       |reg_config:user|         ; 36 (36)           ; 26 (26)      ; 0           ; 0          ; 0            ; 0       ; 0         ; 0    ; 0            ; |top_module|audio_codec_config:user|reg_config:user   ;              ;
+---------------------------------+-------------------+--------------+-------------+------------+--------------+---------+-----------+------+--------------+-------------------------------------------------------+--------------+
Note: For table entries with two numbers listed, the numbers in parentheses indicate the number of resources of the given type used by the specific entity alone. The numbers listed outside of parentheses indicate the total resources of the given type used by the specific entity and all of its sub-entities in the hierarchy.


+-----------------------------------------------------------------------------------------------------+
; Registers Removed During Synthesis                                                                  ;
+------------------------------------------------------------+----------------------------------------+
; Register name                                              ; Reason for Removal                     ;
+------------------------------------------------------------+----------------------------------------+
; audio_codec_config:user|reg_config:user|COUNTER_500[0..3]  ; Stuck at GND due to stuck port clock   ;
; audio_codec_config:user|reg_config:user|DATA_A[8,13..15]   ; Stuck at GND due to stuck port data_in ;
; audio_codec_config:user|reg_config:user|COUNTER_500[4..10] ; Stuck at GND due to stuck port clock   ;
; audio_codec_config:user|i2c:adc_configure|SD[22..23]       ; Stuck at GND due to stuck port data_in ;
; audio_codec_config:user|i2c:adc_configure|SD[20..21]       ; Stuck at VCC due to stuck port data_in ;
; audio_codec_config:user|i2c:adc_configure|SD[19]           ; Stuck at GND due to stuck port data_in ;
; audio_codec_config:user|i2c:adc_configure|SD[18]           ; Stuck at VCC due to stuck port data_in ;
; audio_codec_config:user|i2c:adc_configure|SD[8,13..17]     ; Stuck at GND due to stuck port data_in ;
; audio_codec_config:user|COUNTER_500[0]                     ; Merged with COUNTER_500[0]             ;
; audio_codec_config:user|COUNTER_500[1]                     ; Merged with COUNTER_500[1]             ;
; audio_codec_config:user|COUNTER_500[2]                     ; Merged with COUNTER_500[2]             ;
; audio_codec_config:user|COUNTER_500[3]                     ; Merged with COUNTER_500[3]             ;
; audio_codec_config:user|COUNTER_500[4]                     ; Merged with COUNTER_500[4]             ;
; audio_codec_config:user|COUNTER_500[5]                     ; Merged with COUNTER_500[5]             ;
; audio_codec_config:user|COUNTER_500[6]                     ; Merged with COUNTER_500[6]             ;
; audio_codec_config:user|COUNTER_500[7]                     ; Merged with COUNTER_500[7]             ;
; audio_codec_config:user|COUNTER_500[8]                     ; Merged with COUNTER_500[8]             ;
; COUNTER_500[9..10]                                         ; Lost fanout                            ;
; audio_codec_config:user|COUNTER_500[10]                    ; Lost fanout                            ;
; Total Number of Removed Registers = 39                     ;                                        ;
+------------------------------------------------------------+----------------------------------------+


+-----------------------------------------------------------------------------------------------------------------------------------+
; Removed Registers Triggering Further Register Optimizations                                                                       ;
+----------------------------------------------------+---------------------------+--------------------------------------------------+
; Register name                                      ; Reason for Removal        ; Registers Removed due to This Register           ;
+----------------------------------------------------+---------------------------+--------------------------------------------------+
; audio_codec_config:user|reg_config:user|DATA_A[15] ; Stuck at GND              ; audio_codec_config:user|i2c:adc_configure|SD[15] ;
;                                                    ; due to stuck port data_in ;                                                  ;
; audio_codec_config:user|reg_config:user|DATA_A[14] ; Stuck at GND              ; audio_codec_config:user|i2c:adc_configure|SD[14] ;
;                                                    ; due to stuck port data_in ;                                                  ;
; audio_codec_config:user|reg_config:user|DATA_A[13] ; Stuck at GND              ; audio_codec_config:user|i2c:adc_configure|SD[13] ;
;                                                    ; due to stuck port data_in ;                                                  ;
; audio_codec_config:user|reg_config:user|DATA_A[8]  ; Stuck at GND              ; audio_codec_config:user|i2c:adc_configure|SD[8]  ;
;                                                    ; due to stuck port data_in ;                                                  ;
+----------------------------------------------------+---------------------------+--------------------------------------------------+


+------------------------------------------------------+
; General Register Statistics                          ;
+----------------------------------------------+-------+
; Statistic                                    ; Value ;
+----------------------------------------------+-------+
; Total registers                              ; 77    ;
; Number of registers using Synchronous Clear  ; 0     ;
; Number of registers using Synchronous Load   ; 10    ;
; Number of registers using Asynchronous Clear ; 45    ;
; Number of registers using Asynchronous Load  ; 0     ;
; Number of registers using Clock Enable       ; 33    ;
; Number of registers using Preset             ; 0     ;
+----------------------------------------------+-------+


+-------------------------------------------------------------------+
; Inverted Register Statistics                                      ;
+---------------------------------------------------------+---------+
; Inverted Register                                       ; Fan out ;
+---------------------------------------------------------+---------+
; audio_codec_config:user|i2c:adc_configure|SD_COUNTER[4] ; 8       ;
; audio_codec_config:user|i2c:adc_configure|SD_COUNTER[3] ; 15      ;
; audio_codec_config:user|i2c:adc_configure|SD_COUNTER[0] ; 15      ;
; audio_codec_config:user|i2c:adc_configure|SD_COUNTER[2] ; 11      ;
; audio_codec_config:user|i2c:adc_configure|SD_COUNTER[1] ; 10      ;
; audio_codec_config:user|i2c:adc_configure|SD_COUNTER[5] ; 8       ;
; audio_codec_config:user|i2c:adc_configure|SCLK          ; 3       ;
; audio_codec_config:user|i2c:adc_configure|END           ; 20      ;
; audio_codec_config:user|i2c:adc_configure|SDO           ; 4       ;
; Total number of inverted registers = 9                  ;         ;
+---------------------------------------------------------+---------+


+-----------------------------------------------------------------------------------------------------------------------------------------------------------------------------+
; Multiplexer Restructuring Statistics (Restructuring Performed)                                                                                                              ;
+--------------------+-----------+---------------+----------------------+------------------------+------------+---------------------------------------------------------------+
; Multiplexer Inputs ; Bus Width ; Baseline Area ; Area if Restructured ; Saving if Restructured ; Registered ; Example Multiplexer Output                                    ;
+--------------------+-----------+---------------+----------------------+------------------------+------------+---------------------------------------------------------------+
; 11:1               ; 3 bits    ; 21 LEs        ; 12 LEs               ; 9 LEs                  ; Yes        ; |top_module|audio_codec_config:user|reg_config:user|DATA_A[2] ;
; 11:1               ; 2 bits    ; 14 LEs        ; 10 LEs               ; 4 LEs                  ; Yes        ; |top_module|audio_codec_config:user|reg_config:user|DATA_A[4] ;
+--------------------+-----------+---------------+----------------------+------------------------+------------+---------------------------------------------------------------+


+----------------------------------------------------------------------------+
; Parameter Settings for User Entity Instance: Top-level Entity: |top_module ;
+-----------------+-------+--------------------------------------------------+
; Parameter Name  ; Value ; Type                                             ;
+-----------------+-------+--------------------------------------------------+
; audio_data_size ; 16    ; Signed Integer                                   ;
+-----------------+-------+--------------------------------------------------+
Note: In order to hide this table in the UI and the text report file, please set the "Show Parameter Settings in Synthesis Report" option in "Analysis and Synthesis Settings -> More Settings" to "Off".


+-------------------------------------------------------------------------+
; Parameter Settings for User Entity Instance: ShiftRegister:adc_data_bit ;
+----------------+-------+------------------------------------------------+
; Parameter Name ; Value ; Type                                           ;
+----------------+-------+------------------------------------------------+
; data_size      ; 16    ; Signed Integer                                 ;
+----------------+-------+------------------------------------------------+
Note: In order to hide this table in the UI and the text report file, please set the "Show Parameter Settings in Synthesis Report" option in "Analysis and Synthesis Settings -> More Settings" to "Off".


+-----------------------------------------------------------------------+
; Port Connectivity Checks: "audio_codec_config:user|i2c:adc_configure" ;
+------------+--------+----------+--------------------------------------+
; Port       ; Type   ; Severity ; Details                              ;
+------------+--------+----------+--------------------------------------+
; W_R        ; Input  ; Info     ; Explicitly unconnected               ;
; ACK        ; Output ; Info     ; Explicitly unconnected               ;
; SD_COUNTER ; Output ; Info     ; Explicitly unconnected               ;
; SDO        ; Output ; Info     ; Explicitly unconnected               ;
+------------+--------+----------+--------------------------------------+


+----------------------------------------------------------------------------------------------------------------------------------------+
; Port Connectivity Checks: "ShiftRegister:adc_data_bit"                                                                                 ;
+---------+--------+----------+----------------------------------------------------------------------------------------------------------+
; Port    ; Type   ; Severity ; Details                                                                                                  ;
+---------+--------+----------+----------------------------------------------------------------------------------------------------------+
; counter ; Output ; Warning  ; Declared by entity but not connected by instance. Logic that only feeds a dangling port will be removed. ;
; full    ; Output ; Warning  ; Declared by entity but not connected by instance. Logic that only feeds a dangling port will be removed. ;
+---------+--------+----------+----------------------------------------------------------------------------------------------------------+


+-------------------------------+
; Analysis & Synthesis Messages ;
+-------------------------------+
Info: *******************************************************************
Info: Running Quartus II Analysis & Synthesis
    Info: Version 10.0 Build 218 06/27/2010 SJ Web Edition
    Info: Processing started: Wed Nov 30 00:37:15 2016
Info: Command: quartus_map --read_settings_files=on --write_settings_files=off DE2_115_i2sound -c DE2_115_i2sound
Info: Found 1 design units, including 1 entities, in source file reg_config.v
    Info: Found entity 1: reg_config
Warning (10275): Verilog HDL Module Instantiation warning at audio_codec_config.v(39): ignored dangling comma in List of Port Connections
Info: Found 1 design units, including 1 entities, in source file audio_codec_config.v
    Info: Found entity 1: audio_codec_config
Info: Found 1 design units, including 1 entities, in source file shiftregister.v
    Info: Found entity 1: ShiftRegister
Info: Found 1 design units, including 1 entities, in source file top_module.v
    Info: Found entity 1: top_module
Info: Found 1 design units, including 1 entities, in source file i2c.v
    Info: Found entity 1: i2c
Info: Found 1 design units, including 1 entities, in source file keytr.v
    Info: Found entity 1: keytr
Warning (10236): Verilog HDL Implicit Net warning at audio_codec_config.v(30): created implicit net for "CLOCK_50"
Warning (10236): Verilog HDL Implicit Net warning at keytr.v(106): created implicit net for "falling_edge"
Info: Elaborating entity "top_module" for the top level hierarchy
Warning (10036): Verilog HDL or VHDL warning at top_module.v(38): object "CLOCK_500" assigned a value but never read
Warning (10230): Verilog HDL assignment warning at top_module.v(47): truncated value with size 32 to match size of target (11)
Warning (10034): Output port "LEDG" at top_module.v(8) has no driver
Warning (10034): Output port "LEDR[17..16]" at top_module.v(9) has no driver
Info: Elaborating entity "ShiftRegister" for hierarchy "ShiftRegister:adc_data_bit"
Warning (10230): Verilog HDL assignment warning at ShiftRegister.v(33): truncated value with size 32 to match size of target (4)
Info: Elaborating entity "audio_codec_config" for hierarchy "audio_codec_config:user"
Warning (10230): Verilog HDL assignment warning at audio_codec_config.v(25): truncated value with size 32 to match size of target (11)
Info: Elaborating entity "reg_config" for hierarchy "audio_codec_config:user|reg_config:user"
Warning (10230): Verilog HDL assignment warning at reg_config.v(70): truncated value with size 32 to match size of target (1)
Warning (10230): Verilog HDL assignment warning at reg_config.v(83): truncated value with size 32 to match size of target (6)
Warning (10230): Verilog HDL assignment warning at reg_config.v(91): truncated value with size 32 to match size of target (5)
Warning (10230): Verilog HDL assignment warning at reg_config.v(93): truncated value with size 32 to match size of target (7)
Warning (10230): Verilog HDL assignment warning at reg_config.v(127): truncated value with size 32 to match size of target (11)
Info: Elaborating entity "i2c" for hierarchy "audio_codec_config:user|i2c:adc_configure"
Warning (10230): Verilog HDL assignment warning at i2c.v(85): truncated value with size 32 to match size of target (1)
Warning (10230): Verilog HDL assignment warning at i2c.v(84): truncated value with size 32 to match size of target (1)
Warning (10230): Verilog HDL assignment warning at i2c.v(109): truncated value with size 32 to match size of target (6)
Warning: 1 hierarchies have connectivity warnings - see the Connectivity Checks report folder
Info: Registers with preset signals will power-up high
Info: DEV_CLRn pin will set, and not reset, register with preset signal due to NOT Gate Push-Back
Warning: Output pins are stuck at VCC or GND
    Warning (13410): Pin "LEDG[0]" is stuck at GND
    Warning (13410): Pin "LEDG[1]" is stuck at GND
    Warning (13410): Pin "LEDG[2]" is stuck at GND
    Warning (13410): Pin "LEDG[3]" is stuck at GND
    Warning (13410): Pin "LEDG[4]" is stuck at GND
    Warning (13410): Pin "LEDG[5]" is stuck at GND
    Warning (13410): Pin "LEDG[6]" is stuck at GND
    Warning (13410): Pin "LEDG[7]" is stuck at GND
    Warning (13410): Pin "LEDR[16]" is stuck at GND
    Warning (13410): Pin "LEDR[17]" is stuck at GND
Info: Timing-Driven Synthesis is running
Info: 3 registers lost all their fanouts during netlist optimizations. The first 3 are displayed below.
    Info: Register "COUNTER_500[9]" lost all its fanouts during netlist optimizations.
    Info: Register "COUNTER_500[10]" lost all its fanouts during netlist optimizations.
    Info: Register "audio_codec_config:user|COUNTER_500[10]" lost all its fanouts during netlist optimizations.
Info: Generating hard_block partition "hard_block:auto_generated_inst"
Warning: Design contains 20 input pin(s) that do not drive logic
    Warning (15610): No output dependent on input pin "CLOCK_27"
    Warning (15610): No output dependent on input pin "KEY[2]"
    Warning (15610): No output dependent on input pin "KEY[3]"
    Warning (15610): No output dependent on input pin "SW[3]"
    Warning (15610): No output dependent on input pin "SW[4]"
    Warning (15610): No output dependent on input pin "SW[5]"
    Warning (15610): No output dependent on input pin "SW[6]"
    Warning (15610): No output dependent on input pin "SW[7]"
    Warning (15610): No output dependent on input pin "SW[8]"
    Warning (15610): No output dependent on input pin "SW[9]"
    Warning (15610): No output dependent on input pin "SW[10]"
    Warning (15610): No output dependent on input pin "SW[11]"
    Warning (15610): No output dependent on input pin "SW[12]"
    Warning (15610): No output dependent on input pin "SW[13]"
    Warning (15610): No output dependent on input pin "SW[14]"
    Warning (15610): No output dependent on input pin "SW[15]"
    Warning (15610): No output dependent on input pin "SW[16]"
    Warning (15610): No output dependent on input pin "SW[17]"
    Warning (15610): No output dependent on input pin "AUD_ADCLRCK"
    Warning (15610): No output dependent on input pin "AUD_DACLRCK"
Info: Implemented 182 device resources after synthesis - the final resource count might be different
    Info: Implemented 28 input pins
    Info: Implemented 29 output pins
    Info: Implemented 1 bidirectional pins
    Info: Implemented 124 logic cells
Info: Quartus II Analysis & Synthesis was successful. 0 errors, 50 warnings
    Info: Peak virtual memory: 276 megabytes
    Info: Processing ended: Wed Nov 30 00:37:17 2016
    Info: Elapsed time: 00:00:02
    Info: Total CPU time (on all processors): 00:00:02


